<?xml version="1.0" encoding="UTF-8"?>
<!-- Generated by org.testng.reporters.JUnitReportReporter -->
<testsuite hostname="192-168-1-178.tpgi.com.au" failures="0" tests="2" name="com.au.foxsports.test.FoxSportsTest" time="56.486" errors="0" timestamp="13 Feb. 2021 06:20:37 GMT" skipped="0">
  <testcase classname="com.au.foxsports.test.FoxSportsTest" name="validatePlayAndPauseFeature" time="34.955"/>
  <testcase classname="com.au.foxsports.test.FoxSportsTest" name="validateArticlePage" time="21.531"/>
</testsuite> <!-- com.au.foxsports.test.FoxSportsTest -->
